Compiling the C compiler identification source file "CMakeCCompilerId.c" failed.
Compiler: /Library/Developer/CommandLineTools/usr/bin/cc 
Build flags: 
Id flags:  

The output was:
1
ld: library not found for -lSystem
clang: error: linker command failed with exit code 1 (use -v to see invocation)


Compiling the CXX compiler identification source file "CMakeCXXCompilerId.cpp" failed.
Compiler: /Library/Developer/CommandLineTools/usr/bin/c++ 
Build flags: 
Id flags:  

The output was:
1
ld: library not found for -lc++
clang: error: linker command failed with exit code 1 (use -v to see invocation)


Determining if the function crc32c_value exists in the crc32c failed with the following output:
Change Dir: /Users/didi/Desktop/leveldb/CMakeFiles/CMakeTmp

Run Build Command(s):/usr/local/bin/gmake -f Makefile cmTC_68f54/fast && /usr/local/bin/gmake  -f CMakeFiles/cmTC_68f54.dir/build.make CMakeFiles/cmTC_68f54.dir/build
gmake[1]: Entering directory '/Users/didi/Desktop/leveldb/CMakeFiles/CMakeTmp'
Building C object CMakeFiles/cmTC_68f54.dir/CheckFunctionExists.c.o
/Library/Developer/CommandLineTools/usr/bin/cc   -DCHECK_FUNCTION_EXISTS=crc32c_value -isysroot /Library/Developer/CommandLineTools/SDKs/MacOSX11.3.sdk -mmacosx-version-min=11.2 -std=c11 -MD -MT CMakeFiles/cmTC_68f54.dir/CheckFunctionExists.c.o -MF CMakeFiles/cmTC_68f54.dir/CheckFunctionExists.c.o.d -o CMakeFiles/cmTC_68f54.dir/CheckFunctionExists.c.o -c /Applications/CMake.app/Contents/share/cmake-3.22/Modules/CheckFunctionExists.c
Linking C executable cmTC_68f54
/Applications/CMake.app/Contents/bin/cmake -E cmake_link_script CMakeFiles/cmTC_68f54.dir/link.txt --verbose=1
/Library/Developer/CommandLineTools/usr/bin/cc  -DCHECK_FUNCTION_EXISTS=crc32c_value -isysroot /Library/Developer/CommandLineTools/SDKs/MacOSX11.3.sdk -mmacosx-version-min=11.2 -Wl,-search_paths_first -Wl,-headerpad_max_install_names CMakeFiles/cmTC_68f54.dir/CheckFunctionExists.c.o -o cmTC_68f54  -lcrc32c 
ld: library not found for -lcrc32c
clang: error: linker command failed with exit code 1 (use -v to see invocation)
gmake[1]: *** [CMakeFiles/cmTC_68f54.dir/build.make:100: cmTC_68f54] Error 1
gmake[1]: Leaving directory '/Users/didi/Desktop/leveldb/CMakeFiles/CMakeTmp'
gmake: *** [Makefile:127: cmTC_68f54/fast] Error 2



Determining if the function snappy_compress exists in the snappy failed with the following output:
Change Dir: /Users/didi/Desktop/leveldb/CMakeFiles/CMakeTmp

Run Build Command(s):/usr/local/bin/gmake -f Makefile cmTC_fee5e/fast && /usr/local/bin/gmake  -f CMakeFiles/cmTC_fee5e.dir/build.make CMakeFiles/cmTC_fee5e.dir/build
gmake[1]: Entering directory '/Users/didi/Desktop/leveldb/CMakeFiles/CMakeTmp'
Building C object CMakeFiles/cmTC_fee5e.dir/CheckFunctionExists.c.o
/Library/Developer/CommandLineTools/usr/bin/cc   -DCHECK_FUNCTION_EXISTS=snappy_compress -isysroot /Library/Developer/CommandLineTools/SDKs/MacOSX11.3.sdk -mmacosx-version-min=11.2 -std=c11 -MD -MT CMakeFiles/cmTC_fee5e.dir/CheckFunctionExists.c.o -MF CMakeFiles/cmTC_fee5e.dir/CheckFunctionExists.c.o.d -o CMakeFiles/cmTC_fee5e.dir/CheckFunctionExists.c.o -c /Applications/CMake.app/Contents/share/cmake-3.22/Modules/CheckFunctionExists.c
Linking C executable cmTC_fee5e
/Applications/CMake.app/Contents/bin/cmake -E cmake_link_script CMakeFiles/cmTC_fee5e.dir/link.txt --verbose=1
/Library/Developer/CommandLineTools/usr/bin/cc  -DCHECK_FUNCTION_EXISTS=snappy_compress -isysroot /Library/Developer/CommandLineTools/SDKs/MacOSX11.3.sdk -mmacosx-version-min=11.2 -Wl,-search_paths_first -Wl,-headerpad_max_install_names CMakeFiles/cmTC_fee5e.dir/CheckFunctionExists.c.o -o cmTC_fee5e  -lsnappy 
ld: library not found for -lsnappy
clang: error: linker command failed with exit code 1 (use -v to see invocation)
gmake[1]: *** [CMakeFiles/cmTC_fee5e.dir/build.make:100: cmTC_fee5e] Error 1
gmake[1]: Leaving directory '/Users/didi/Desktop/leveldb/CMakeFiles/CMakeTmp'
gmake: *** [Makefile:127: cmTC_fee5e/fast] Error 2



Determining if the function malloc exists in the tcmalloc failed with the following output:
Change Dir: /Users/didi/Desktop/leveldb/CMakeFiles/CMakeTmp

Run Build Command(s):/usr/local/bin/gmake -f Makefile cmTC_4bc53/fast && /usr/local/bin/gmake  -f CMakeFiles/cmTC_4bc53.dir/build.make CMakeFiles/cmTC_4bc53.dir/build
gmake[1]: Entering directory '/Users/didi/Desktop/leveldb/CMakeFiles/CMakeTmp'
Building C object CMakeFiles/cmTC_4bc53.dir/CheckFunctionExists.c.o
/Library/Developer/CommandLineTools/usr/bin/cc   -DCHECK_FUNCTION_EXISTS=malloc -isysroot /Library/Developer/CommandLineTools/SDKs/MacOSX11.3.sdk -mmacosx-version-min=11.2 -std=c11 -MD -MT CMakeFiles/cmTC_4bc53.dir/CheckFunctionExists.c.o -MF CMakeFiles/cmTC_4bc53.dir/CheckFunctionExists.c.o.d -o CMakeFiles/cmTC_4bc53.dir/CheckFunctionExists.c.o -c /Applications/CMake.app/Contents/share/cmake-3.22/Modules/CheckFunctionExists.c
/Applications/CMake.app/Contents/share/cmake-3.22/Modules/CheckFunctionExists.c:7:3: warning: incompatible redeclaration of library function 'malloc' [-Wincompatible-library-redeclaration]
  CHECK_FUNCTION_EXISTS(void);
  ^
<command line>:1:31: note: expanded from here
#define CHECK_FUNCTION_EXISTS malloc
                              ^
/Applications/CMake.app/Contents/share/cmake-3.22/Modules/CheckFunctionExists.c:7:3: note: 'malloc' is a builtin with type 'void *(unsigned long)'
<command line>:1:31: note: expanded from here
#define CHECK_FUNCTION_EXISTS malloc
                              ^
1 warning generated.
Linking C executable cmTC_4bc53
/Applications/CMake.app/Contents/bin/cmake -E cmake_link_script CMakeFiles/cmTC_4bc53.dir/link.txt --verbose=1
/Library/Developer/CommandLineTools/usr/bin/cc  -DCHECK_FUNCTION_EXISTS=malloc -isysroot /Library/Developer/CommandLineTools/SDKs/MacOSX11.3.sdk -mmacosx-version-min=11.2 -Wl,-search_paths_first -Wl,-headerpad_max_install_names CMakeFiles/cmTC_4bc53.dir/CheckFunctionExists.c.o -o cmTC_4bc53  -ltcmalloc 
ld: library not found for -ltcmalloc
clang: error: linker command failed with exit code 1 (use -v to see invocation)
gmake[1]: *** [CMakeFiles/cmTC_4bc53.dir/build.make:100: cmTC_4bc53] Error 1
gmake[1]: Leaving directory '/Users/didi/Desktop/leveldb/CMakeFiles/CMakeTmp'
gmake: *** [Makefile:127: cmTC_4bc53/fast] Error 2



Determining if the fdatasync exist failed with the following output:
Change Dir: /Users/didi/Desktop/leveldb/CMakeFiles/CMakeTmp

Run Build Command(s):/usr/local/bin/gmake -f Makefile cmTC_d28c6/fast && /usr/local/bin/gmake  -f CMakeFiles/cmTC_d28c6.dir/build.make CMakeFiles/cmTC_d28c6.dir/build
gmake[1]: Entering directory '/Users/didi/Desktop/leveldb/CMakeFiles/CMakeTmp'
Building CXX object CMakeFiles/cmTC_d28c6.dir/CheckSymbolExists.cxx.o
/Library/Developer/CommandLineTools/usr/bin/c++   -isysroot /Library/Developer/CommandLineTools/SDKs/MacOSX11.3.sdk -mmacosx-version-min=11.2 -std=c++11 -MD -MT CMakeFiles/cmTC_d28c6.dir/CheckSymbolExists.cxx.o -MF CMakeFiles/cmTC_d28c6.dir/CheckSymbolExists.cxx.o.d -o CMakeFiles/cmTC_d28c6.dir/CheckSymbolExists.cxx.o -c /Users/didi/Desktop/leveldb/CMakeFiles/CMakeTmp/CheckSymbolExists.cxx
/Users/didi/Desktop/leveldb/CMakeFiles/CMakeTmp/CheckSymbolExists.cxx:8:19: error: use of undeclared identifier 'fdatasync'
  return ((int*)(&fdatasync))[argc];
                  ^
1 error generated.
gmake[1]: *** [CMakeFiles/cmTC_d28c6.dir/build.make:79: CMakeFiles/cmTC_d28c6.dir/CheckSymbolExists.cxx.o] Error 1
gmake[1]: Leaving directory '/Users/didi/Desktop/leveldb/CMakeFiles/CMakeTmp'
gmake: *** [Makefile:127: cmTC_d28c6/fast] Error 2


File /Users/didi/Desktop/leveldb/CMakeFiles/CMakeTmp/CheckSymbolExists.cxx:
/* */
#include <unistd.h>

int main(int argc, char** argv)
{
  (void)argv;
#ifndef fdatasync
  return ((int*)(&fdatasync))[argc];
#else
  (void)argc;
  return 0;
#endif
}
Performing C++ SOURCE FILE Test HAVE_KYOTOCABINET failed with the following output:
Change Dir: /Users/didi/Desktop/leveldb/CMakeFiles/CMakeTmp

Run Build Command(s):/usr/local/bin/gmake -f Makefile cmTC_70459/fast && /usr/local/bin/gmake  -f CMakeFiles/cmTC_70459.dir/build.make CMakeFiles/cmTC_70459.dir/build
gmake[1]: Entering directory '/Users/didi/Desktop/leveldb/CMakeFiles/CMakeTmp'
Building CXX object CMakeFiles/cmTC_70459.dir/src.cxx.o
/Library/Developer/CommandLineTools/usr/bin/c++ -DHAVE_KYOTOCABINET  -fno-exceptions -fno-rtti  -isysroot /Library/Developer/CommandLineTools/SDKs/MacOSX11.3.sdk -mmacosx-version-min=11.2 -std=c++11 -MD -MT CMakeFiles/cmTC_70459.dir/src.cxx.o -MF CMakeFiles/cmTC_70459.dir/src.cxx.o.d -o CMakeFiles/cmTC_70459.dir/src.cxx.o -c /Users/didi/Desktop/leveldb/CMakeFiles/CMakeTmp/src.cxx
/Users/didi/Desktop/leveldb/CMakeFiles/CMakeTmp/src.cxx:2:10: fatal error: 'kcpolydb.h' file not found
#include <kcpolydb.h>
         ^~~~~~~~~~~~
1 error generated.
gmake[1]: *** [CMakeFiles/cmTC_70459.dir/build.make:79: CMakeFiles/cmTC_70459.dir/src.cxx.o] Error 1
gmake[1]: Leaving directory '/Users/didi/Desktop/leveldb/CMakeFiles/CMakeTmp'
gmake: *** [Makefile:127: cmTC_70459/fast] Error 2


Source file was:

#include <kcpolydb.h>

int main() {
  kyotocabinet::TreeDB* db = new kyotocabinet::TreeDB();
  delete db;
  return 0;
}
  
